<?xml version="1.0" encoding="UTF-8"?>
<!-- Generated by org.testng.reporters.JUnitReportReporter -->
<testsuite hostname="DESKTOP-6F1I9VR" failures="0" tests="1" name="Test_Cases.Test_Case003" time="2.890" errors="0" timestamp="2023-06-29T15:58:20 IST" skipped="0">
  <testcase classname="Test_Cases.Test_Case003" name="testingaccount" time="2.890"/>
  <system-out/>
</testsuite> <!-- Test_Cases.Test_Case003 -->
