<?xml version="1.0" encoding="UTF-8"?>
<!-- Generated by org.testng.reporters.JUnitReportReporter -->
<testsuite hostname="DESKTOP-6F1I9VR" failures="0" tests="1" name="Test_Cases.Test_Case001" time="54.903" errors="0" timestamp="2023-06-30T13:20:58 IST" skipped="0">
  <testcase classname="Test_Cases.Test_Case001" name="testaccount" time="54.903"/>
  <system-out/>
</testsuite> <!-- Test_Cases.Test_Case001 -->
