<?xml version="1.0" encoding="UTF-8"?>
<!-- Generated by org.testng.reporters.JUnitReportReporter -->
<testsuite hostname="DESKTOP-6F1I9VR" failures="0" tests="2" name="Test_Cases.Test_Case001" time="25.015" errors="0" timestamp="2023-06-24T12:13:30 IST" skipped="0">
  <testcase classname="Test_Cases.Test_Case001" name="testaccount" time="9.776"/>
  <system-out/>
  <testcase classname="Test_Cases.Test_Case001" name="testaccount" time="15.239"/>
  <system-out/>
</testsuite> <!-- Test_Cases.Test_Case001 -->
