<?xml version="1.0" encoding="UTF-8"?>
<!-- Generated by org.testng.reporters.JUnitReportReporter -->
<testsuite hostname="DESKTOP-6F1I9VR" failures="0" tests="2" name="Test_Cases.Test_Case001" time="49.697" errors="0" timestamp="2023-06-24T15:48:36 IST" skipped="0">
  <testcase classname="Test_Cases.Test_Case001" name="testaccount" time="18.006"/>
  <system-out/>
  <testcase classname="Test_Cases.Test_Case001" name="testaccount" time="31.691"/>
  <system-out/>
</testsuite> <!-- Test_Cases.Test_Case001 -->
