<?xml version="1.0" encoding="UTF-8"?>
<!-- Generated by org.testng.reporters.JUnitReportReporter -->
<testsuite hostname="DESKTOP-6F1I9VR" failures="0" tests="2" name="Test_Cases.Test_Case001" time="20.276" errors="0" timestamp="2023-06-24T13:36:06 IST" skipped="0">
  <testcase classname="Test_Cases.Test_Case001" name="testaccount" time="10.489"/>
  <system-out/>
  <testcase classname="Test_Cases.Test_Case001" name="testaccount" time="9.787"/>
  <system-out/>
</testsuite> <!-- Test_Cases.Test_Case001 -->
